<?xml version="1.0" encoding="UTF-8"?>
<!-- Generated by org.testng.reporters.JUnitReportReporter -->
<testsuite hostname="DESKTOP-PUERUUQ" failures="0" tests="3" name="testCases.TC06_PurchaseGiftCertificate" time="77.310" errors="0" timestamp="2025-02-26T10:43:50 CST" skipped="0">
  <testcase classname="testCases.TC06_PurchaseGiftCertificate" name="testPurchaseGiftCertificate" time="1.961"/>
  <testcase classname="testCases.TC06_PurchaseGiftCertificate" name="testPurchaseGiftCertificate" time="13.709"/>
  <testcase classname="testCases.TC06_PurchaseGiftCertificate" name="testPurchaseGiftCertificate" time="61.640"/>
</testsuite> <!-- testCases.TC06_PurchaseGiftCertificate -->
