<?xml version="1.0" encoding="UTF-8"?>
<!-- Generated by org.testng.reporters.JUnitReportReporter -->
<testsuite hostname="DESKTOP-PUERUUQ" failures="0" tests="3" name="testCases.TC04_AddToWishList" time="174.371" errors="0" timestamp="2025-02-26T10:43:50 CST" skipped="0">
  <testcase classname="testCases.TC04_AddToWishList" name="testAddToWishList" time="109.549"/>
  <testcase classname="testCases.TC04_AddToWishList" name="testAddToWishList" time="11.158"/>
  <testcase classname="testCases.TC04_AddToWishList" name="testAddToWishList" time="53.664"/>
</testsuite> <!-- testCases.TC04_AddToWishList -->
