<?xml version="1.0" encoding="UTF-8"?>
<!-- Generated by org.testng.reporters.JUnitReportReporter -->
<testsuite hostname="DESKTOP-PUERUUQ" failures="0" tests="3" name="testCases.TC03_AddToCart" time="90.294" errors="0" timestamp="2025-02-26T10:43:50 CST" skipped="0">
  <testcase classname="testCases.TC03_AddToCart" name="testAddToCart" time="72.795"/>
  <testcase classname="testCases.TC03_AddToCart" name="testAddToCart" time="14.831"/>
  <testcase classname="testCases.TC03_AddToCart" name="testAddToCart" time="2.668"/>
</testsuite> <!-- testCases.TC03_AddToCart -->
