<?xml version="1.0" encoding="UTF-8"?>
<!-- Generated by org.testng.reporters.JUnitReportReporter -->
<testsuite hostname="DESKTOP-PUERUUQ" failures="0" tests="3" name="testCases.TC01_LaunchApplication" time="0.094" errors="0" timestamp="2025-02-26T10:43:50 CST" skipped="0">
  <testcase classname="testCases.TC01_LaunchApplication" name="testLaunchApplication" time="0.032"/>
  <testcase classname="testCases.TC01_LaunchApplication" name="testLaunchApplication" time="0.036"/>
  <testcase classname="testCases.TC01_LaunchApplication" name="testLaunchApplication" time="0.026"/>
</testsuite> <!-- testCases.TC01_LaunchApplication -->
