<?xml version="1.0" encoding="UTF-8"?>
<!-- Generated by org.testng.reporters.JUnitReportReporter -->
<testsuite hostname="DESKTOP-PUERUUQ" failures="0" tests="18" name="testCases.TC02_Login" time="158.977" errors="0" timestamp="2025-02-26T10:43:50 CST" skipped="0">
  <testcase classname="testCases.TC02_Login" name="testLogin" time="2.359"/>
  <testcase classname="testCases.TC02_Login" name="testLogin" time="3.139"/>
  <testcase classname="testCases.TC02_Login" name="testLogin" time="5.737"/>
  <testcase classname="testCases.TC02_Login" name="testLogin" time="3.314"/>
  <testcase classname="testCases.TC02_Login" name="testLogin" time="2.735"/>
  <testcase classname="testCases.TC02_Login" name="testLogin" time="9.885"/>
  <testcase classname="testCases.TC02_Login" name="testLogin" time="2.584"/>
  <testcase classname="testCases.TC02_Login" name="testLogin" time="2.362"/>
  <testcase classname="testCases.TC02_Login" name="testLogin" time="2.314"/>
  <testcase classname="testCases.TC02_Login" name="testLogin" time="50.362"/>
  <testcase classname="testCases.TC02_Login" name="testLogin" time="3.086"/>
  <testcase classname="testCases.TC02_Login" name="testLogin" time="2.814"/>
  <testcase classname="testCases.TC02_Login" name="testLogin" time="2.980"/>
  <testcase classname="testCases.TC02_Login" name="testLogin" time="2.740"/>
  <testcase classname="testCases.TC02_Login" name="testLogin" time="4.292"/>
  <testcase classname="testCases.TC02_Login" name="testLogin" time="38.215"/>
  <testcase classname="testCases.TC02_Login" name="testLogin" time="3.666"/>
  <testcase classname="testCases.TC02_Login" name="testLogin" time="16.393"/>
</testsuite> <!-- testCases.TC02_Login -->
