<?xml version="1.0" encoding="UTF-8"?>
<!-- Generated by org.testng.reporters.JUnitReportReporter -->
<testsuite hostname="DESKTOP-PUERUUQ" failures="0" tests="3" name="testCases.TC05_CompletePurchase" time="414.334" errors="0" timestamp="2025-02-26T10:43:50 CST" skipped="0">
  <testcase classname="testCases.TC05_CompletePurchase" name="testCompletePurchase" time="142.339"/>
  <testcase classname="testCases.TC05_CompletePurchase" name="testCompletePurchase" time="122.766"/>
  <testcase classname="testCases.TC05_CompletePurchase" name="testCompletePurchase" time="149.229"/>
</testsuite> <!-- testCases.TC05_CompletePurchase -->
