<?xml version="1.0" encoding="UTF-8"?>
<!-- Generated by org.testng.reporters.JUnitReportReporter -->
<testsuite hostname="DESKTOP-PUERUUQ" failures="0" tests="3" name="testCases.TC04_AddToWishList" time="204.942" errors="0" timestamp="2025-06-23T13:23:48 CDT" skipped="0">
  <testcase classname="testCases.TC04_AddToWishList" name="testAddToWishList" time="70.705"/>
  <testcase classname="testCases.TC04_AddToWishList" name="testAddToWishList" time="91.061"/>
  <testcase classname="testCases.TC04_AddToWishList" name="testAddToWishList" time="43.176"/>
</testsuite> <!-- testCases.TC04_AddToWishList -->
