<?xml version="1.0" encoding="UTF-8"?>
<!-- Generated by org.testng.reporters.JUnitReportReporter -->
<testsuite hostname="DESKTOP-PUERUUQ" failures="0" tests="3" name="testCases.TC03_AddToCart" time="13.605" errors="0" timestamp="2025-06-19T08:23:53 CDT" skipped="0">
  <testcase classname="testCases.TC03_AddToCart" name="testAddToCart" time="4.277"/>
  <testcase classname="testCases.TC03_AddToCart" name="testAddToCart" time="3.082"/>
  <testcase classname="testCases.TC03_AddToCart" name="testAddToCart" time="6.246"/>
</testsuite> <!-- testCases.TC03_AddToCart -->
