<?xml version="1.0" encoding="UTF-8"?>
<!-- Generated by org.testng.reporters.JUnitReportReporter -->
<testsuite hostname="DESKTOP-PUERUUQ" failures="0" tests="3" name="testCases.TC05_CompletePurchase" time="300.343" errors="0" timestamp="2025-06-04T14:18:02 CDT" skipped="0">
  <testcase classname="testCases.TC05_CompletePurchase" name="testCompletePurchase" time="134.094"/>
  <testcase classname="testCases.TC05_CompletePurchase" name="testCompletePurchase" time="82.470"/>
  <testcase classname="testCases.TC05_CompletePurchase" name="testCompletePurchase" time="83.779"/>
</testsuite> <!-- testCases.TC05_CompletePurchase -->
