<?xml version="1.0" encoding="UTF-8"?>
<!-- Generated by org.testng.reporters.JUnitReportReporter -->
<testsuite hostname="DESKTOP-PUERUUQ" failures="0" tests="18" name="testCases.TC02_Login" time="138.889" errors="0" timestamp="2025-06-23T13:23:48 CDT" skipped="0">
  <testcase classname="testCases.TC02_Login" name="testLogin" time="46.462"/>
  <testcase classname="testCases.TC02_Login" name="testLogin" time="2.626"/>
  <testcase classname="testCases.TC02_Login" name="testLogin" time="2.745"/>
  <testcase classname="testCases.TC02_Login" name="testLogin" time="2.617"/>
  <testcase classname="testCases.TC02_Login" name="testLogin" time="18.702"/>
  <testcase classname="testCases.TC02_Login" name="testLogin" time="2.945"/>
  <testcase classname="testCases.TC02_Login" name="testLogin" time="4.977"/>
  <testcase classname="testCases.TC02_Login" name="testLogin" time="2.549"/>
  <testcase classname="testCases.TC02_Login" name="testLogin" time="6.065"/>
  <testcase classname="testCases.TC02_Login" name="testLogin" time="7.545"/>
  <testcase classname="testCases.TC02_Login" name="testLogin" time="2.609"/>
  <testcase classname="testCases.TC02_Login" name="testLogin" time="2.707"/>
  <testcase classname="testCases.TC02_Login" name="testLogin" time="7.007"/>
  <testcase classname="testCases.TC02_Login" name="testLogin" time="3.303"/>
  <testcase classname="testCases.TC02_Login" name="testLogin" time="7.049"/>
  <testcase classname="testCases.TC02_Login" name="testLogin" time="9.915"/>
  <testcase classname="testCases.TC02_Login" name="testLogin" time="5.534"/>
  <testcase classname="testCases.TC02_Login" name="testLogin" time="3.532"/>
</testsuite> <!-- testCases.TC02_Login -->
