<?xml version="1.0" encoding="UTF-8"?>
<!-- Generated by org.testng.reporters.JUnitReportReporter -->
<testsuite hostname="DESKTOP-PUERUUQ" failures="0" tests="3" name="testCases.TC04_AddToWishList" time="116.761" errors="0" timestamp="2025-06-19T08:23:53 CDT" skipped="0">
  <testcase classname="testCases.TC04_AddToWishList" name="testAddToWishList" time="38.153"/>
  <testcase classname="testCases.TC04_AddToWishList" name="testAddToWishList" time="59.266"/>
  <testcase classname="testCases.TC04_AddToWishList" name="testAddToWishList" time="19.342"/>
</testsuite> <!-- testCases.TC04_AddToWishList -->
