<?xml version="1.0" encoding="UTF-8"?>
<!-- Generated by org.testng.reporters.JUnitReportReporter -->
<testsuite hostname="DESKTOP-PUERUUQ" failures="0" tests="2" name="testCases.TC04_AddToWishList" time="263.058" errors="0" timestamp="2025-02-27T13:16:00 CST" skipped="0">
  <testcase classname="testCases.TC04_AddToWishList" name="testAddToWishList" time="113.984"/>
  <testcase classname="testCases.TC04_AddToWishList" name="testAddToWishList" time="149.074"/>
</testsuite> <!-- testCases.TC04_AddToWishList -->
