<?xml version="1.0" encoding="UTF-8"?>
<!-- Generated by org.testng.reporters.JUnitReportReporter -->
<testsuite hostname="DESKTOP-PUERUUQ" failures="0" tests="3" name="testCases.TC01_LaunchApplication" time="0.087" errors="0" timestamp="2025-06-04T14:18:02 CDT" skipped="0">
  <testcase classname="testCases.TC01_LaunchApplication" name="testLaunchApplication" time="0.027"/>
  <testcase classname="testCases.TC01_LaunchApplication" name="testLaunchApplication" time="0.028"/>
  <testcase classname="testCases.TC01_LaunchApplication" name="testLaunchApplication" time="0.032"/>
</testsuite> <!-- testCases.TC01_LaunchApplication -->
