<?xml version="1.0" encoding="UTF-8"?>
<!-- Generated by org.testng.reporters.JUnitReportReporter -->
<testsuite hostname="DESKTOP-PUERUUQ" failures="0" tests="3" name="testCases.TC03_AddToCart" time="58.502" errors="0" timestamp="2025-06-23T13:23:48 CDT" skipped="0">
  <testcase classname="testCases.TC03_AddToCart" name="testAddToCart" time="7.192"/>
  <testcase classname="testCases.TC03_AddToCart" name="testAddToCart" time="4.515"/>
  <testcase classname="testCases.TC03_AddToCart" name="testAddToCart" time="46.795"/>
</testsuite> <!-- testCases.TC03_AddToCart -->
