<?xml version="1.0" encoding="UTF-8"?>
<!-- Generated by org.testng.reporters.JUnitReportReporter -->
<testsuite hostname="DESKTOP-PUERUUQ" failures="0" tests="3" name="testCases.TC01_LaunchApplication" time="0.088" errors="0" timestamp="2025-06-19T08:23:53 CDT" skipped="0">
  <testcase classname="testCases.TC01_LaunchApplication" name="testLaunchApplication" time="0.035"/>
  <testcase classname="testCases.TC01_LaunchApplication" name="testLaunchApplication" time="0.032"/>
  <testcase classname="testCases.TC01_LaunchApplication" name="testLaunchApplication" time="0.021"/>
</testsuite> <!-- testCases.TC01_LaunchApplication -->
