<?xml version="1.0" encoding="UTF-8"?>
<!-- Generated by org.testng.reporters.JUnitReportReporter -->
<testsuite hostname="DESKTOP-PUERUUQ" failures="0" tests="3" name="testCases.TC05_CompletePurchase" time="250.484" errors="0" timestamp="2025-06-19T08:23:53 CDT" skipped="0">
  <testcase classname="testCases.TC05_CompletePurchase" name="testCompletePurchase" time="85.070"/>
  <testcase classname="testCases.TC05_CompletePurchase" name="testCompletePurchase" time="84.147"/>
  <testcase classname="testCases.TC05_CompletePurchase" name="testCompletePurchase" time="81.267"/>
</testsuite> <!-- testCases.TC05_CompletePurchase -->
