<?xml version="1.0" encoding="UTF-8"?>
<!-- Generated by org.testng.reporters.JUnitReportReporter -->
<testsuite hostname="DESKTOP-PUERUUQ" failures="0" tests="18" name="testCases.TC02_Login" time="61.076" errors="0" timestamp="2025-06-19T08:23:53 CDT" skipped="0">
  <testcase classname="testCases.TC02_Login" name="testLogin" time="3.027"/>
  <testcase classname="testCases.TC02_Login" name="testLogin" time="2.613"/>
  <testcase classname="testCases.TC02_Login" name="testLogin" time="2.642"/>
  <testcase classname="testCases.TC02_Login" name="testLogin" time="2.747"/>
  <testcase classname="testCases.TC02_Login" name="testLogin" time="5.172"/>
  <testcase classname="testCases.TC02_Login" name="testLogin" time="3.446"/>
  <testcase classname="testCases.TC02_Login" name="testLogin" time="2.799"/>
  <testcase classname="testCases.TC02_Login" name="testLogin" time="2.908"/>
  <testcase classname="testCases.TC02_Login" name="testLogin" time="5.160"/>
  <testcase classname="testCases.TC02_Login" name="testLogin" time="3.190"/>
  <testcase classname="testCases.TC02_Login" name="testLogin" time="5.805"/>
  <testcase classname="testCases.TC02_Login" name="testLogin" time="3.750"/>
  <testcase classname="testCases.TC02_Login" name="testLogin" time="3.097"/>
  <testcase classname="testCases.TC02_Login" name="testLogin" time="2.642"/>
  <testcase classname="testCases.TC02_Login" name="testLogin" time="3.045"/>
  <testcase classname="testCases.TC02_Login" name="testLogin" time="2.652"/>
  <testcase classname="testCases.TC02_Login" name="testLogin" time="3.568"/>
  <testcase classname="testCases.TC02_Login" name="testLogin" time="2.813"/>
</testsuite> <!-- testCases.TC02_Login -->
