<?xml version="1.0" encoding="UTF-8"?>
<!-- Generated by org.testng.reporters.JUnitReportReporter -->
<testsuite hostname="DESKTOP-PUERUUQ" failures="0" tests="2" name="testCases.TC01_LaunchApplication" time="0.187" errors="0" timestamp="2025-02-27T13:16:00 CST" skipped="0">
  <testcase classname="testCases.TC01_LaunchApplication" name="testLaunchApplication" time="0.139"/>
  <testcase classname="testCases.TC01_LaunchApplication" name="testLaunchApplication" time="0.048"/>
</testsuite> <!-- testCases.TC01_LaunchApplication -->
