<?xml version="1.0" encoding="UTF-8"?>
<!-- Generated by org.testng.reporters.JUnitReportReporter -->
<testsuite hostname="DESKTOP-PUERUUQ" failures="0" tests="3" name="testCases.TC03_AddToCart" time="38.909" errors="0" timestamp="2025-06-04T14:18:02 CDT" skipped="0">
  <testcase classname="testCases.TC03_AddToCart" name="testAddToCart" time="2.118"/>
  <testcase classname="testCases.TC03_AddToCart" name="testAddToCart" time="34.459"/>
  <testcase classname="testCases.TC03_AddToCart" name="testAddToCart" time="2.332"/>
</testsuite> <!-- testCases.TC03_AddToCart -->
