<?xml version="1.0" encoding="UTF-8"?>
<!-- Generated by org.testng.reporters.JUnitReportReporter -->
<testsuite hostname="DESKTOP-PUERUUQ" failures="1" tests="15" name="testCases.TC02_Login" time="401.923" errors="0" timestamp="2025-02-27T13:16:00 CST" skipped="3">
  <testcase classname="testCases.TC02_Login" name="testLogin" time="3.820"/>
  <testcase classname="testCases.TC02_Login" name="testLogin" time="3.049"/>
  <testcase classname="testCases.TC02_Login" name="testLogin" time="2.688"/>
  <testcase classname="testCases.TC02_Login" name="testLogin" time="60.050">
    <skipped/>
  </testcase> <!-- testLogin -->
  <testcase classname="testCases.TC02_Login" name="testLogin" time="75.139"/>
  <testcase classname="testCases.TC02_Login" name="testLogin" time="60.056">
    <skipped/>
  </testcase> <!-- testLogin -->
  <testcase classname="testCases.TC02_Login" name="testLogin" time="11.398"/>
  <testcase classname="testCases.TC02_Login" name="testLogin" time="10.279"/>
  <testcase classname="testCases.TC02_Login" name="testLogin" time="40.411"/>
  <testcase classname="testCases.TC02_Login" name="testLogin" time="4.980"/>
  <testcase classname="testCases.TC02_Login" name="testLogin" time="60.090">
    <skipped/>
  </testcase> <!-- testLogin -->
  <testcase classname="testCases.TC02_Login" name="testLogin" time="2.722"/>
  <testcase classname="testCases.TC02_Login" name="testLogin" time="60.048">
    <failure message="Test failed due to exception: no such element: Unable to locate element: {&quot;method&quot;:&quot;xpath&quot;,&quot;selector&quot;:&quot;//a[@title=&#039;My Account&#039;]&quot;}
  (Session info: chrome=133.0.6943.142)
For documentation on this error, please visit: https://www.selenium.dev/documentation/webdriver/troubleshooting/errors#no-such-element-exception
Build info: version: &#039;4.28.1&#039;, revision: &#039;73f5ad48a2&#039;
System info: os.name: &#039;Windows 11&#039;, os.arch: &#039;amd64&#039;, os.version: &#039;10.0&#039;, java.version: &#039;23.0.1&#039;
Driver info: org.openqa.selenium.remote.RemoteWebDriver
Command: [2aeb3d3bd6cf53e14698f9ca7917db8f, findElement {using=xpath, value=//a[@title=&#039;My Account&#039;]}]
Capabilities {acceptInsecureCerts: false, browserName: chrome, browserVersion: 133.0.6943.142, chrome: {chromedriverVersion: 133.0.6943.141 (2a5d6da0d61..., userDataDir: C:\Users\Deity\AppData\Loca...}, fedcm:accounts: true, goog:chromeOptions: {debuggerAddress: localhost:64528}, networkConnectionEnabled: false, pageLoadStrategy: normal, platformName: Windows 11, proxy: Proxy(), se:bidiEnabled: false, se:cdp: ws://192.168.0.121:4444/ses..., se:cdpVersion: 133.0.6943.142, setWindowRect: true, strictFileInteractability: false, timeouts: {implicit: 0, pageLoad: 300000, script: 30000}, unhandledPromptBehavior: dismiss and notify, webauthn:extension:credBlob: true, webauthn:extension:largeBlob: true, webauthn:extension:minPinLength: true, webauthn:extension:prf: true, webauthn:virtualAuthenticators: true}
Session ID: 2aeb3d3bd6cf53e14698f9ca7917db8f" type="java.lang.AssertionError">
      <![CDATA[java.lang.AssertionError: Test failed due to exception: no such element: Unable to locate element: {"method":"xpath","selector":"//a[@title='My Account']"}
  (Session info: chrome=133.0.6943.142)
For documentation on this error, please visit: https://www.selenium.dev/documentation/webdriver/troubleshooting/errors#no-such-element-exception
Build info: version: '4.28.1', revision: '73f5ad48a2'
System info: os.name: 'Windows 11', os.arch: 'amd64', os.version: '10.0', java.version: '23.0.1'
Driver info: org.openqa.selenium.remote.RemoteWebDriver
Command: [2aeb3d3bd6cf53e14698f9ca7917db8f, findElement {using=xpath, value=//a[@title='My Account']}]
Capabilities {acceptInsecureCerts: false, browserName: chrome, browserVersion: 133.0.6943.142, chrome: {chromedriverVersion: 133.0.6943.141 (2a5d6da0d61..., userDataDir: C:\Users\Deity\AppData\Loca...}, fedcm:accounts: true, goog:chromeOptions: {debuggerAddress: localhost:64528}, networkConnectionEnabled: false, pageLoadStrategy: normal, platformName: Windows 11, proxy: Proxy(), se:bidiEnabled: false, se:cdp: ws://192.168.0.121:4444/ses..., se:cdpVersion: 133.0.6943.142, setWindowRect: true, strictFileInteractability: false, timeouts: {implicit: 0, pageLoad: 300000, script: 30000}, unhandledPromptBehavior: dismiss and notify, webauthn:extension:credBlob: true, webauthn:extension:largeBlob: true, webauthn:extension:minPinLength: true, webauthn:extension:prf: true, webauthn:virtualAuthenticators: true}
Session ID: 2aeb3d3bd6cf53e14698f9ca7917db8f
at org.testng.Assert.fail(Assert.java:111)
at testCases.TC02_Login.testLogin(TC02_Login.java:71)
at java.base/jdk.internal.reflect.DirectMethodHandleAccessor.invoke(DirectMethodHandleAccessor.java:103)
at java.base/java.lang.reflect.Method.invoke(Method.java:580)
at org.testng.internal.invokers.MethodInvocationHelper.invokeMethod(MethodInvocationHelper.java:141)
at org.testng.internal.invokers.TestInvoker.invokeMethod(TestInvoker.java:686)
at org.testng.internal.invokers.TestInvoker.retryFailed(TestInvoker.java:269)
at org.testng.internal.invokers.MethodRunner.runInSequence(MethodRunner.java:76)
at org.testng.internal.invokers.TestInvoker$MethodInvocationAgent.invoke(TestInvoker.java:992)
at org.testng.internal.invokers.TestInvoker.invokeTestMethods(TestInvoker.java:203)
at org.testng.internal.invokers.TestMethodWorker.invokeTestMethods(TestMethodWorker.java:154)
at org.testng.internal.invokers.TestMethodWorker.run(TestMethodWorker.java:134)
at java.base/java.util.ArrayList.forEach(ArrayList.java:1597)
at org.testng.TestRunner.privateRun(TestRunner.java:739)
at org.testng.TestRunner.run(TestRunner.java:614)
at org.testng.SuiteRunner.runTest(SuiteRunner.java:421)
at org.testng.SuiteRunner$SuiteWorker.run(SuiteRunner.java:463)
at org.testng.internal.thread.ThreadUtil.lambda$execute$0(ThreadUtil.java:64)
at java.base/java.util.concurrent.FutureTask.run(FutureTask.java:317)
at java.base/java.util.concurrent.ThreadPoolExecutor.runWorker(ThreadPoolExecutor.java:1144)
at java.base/java.util.concurrent.ThreadPoolExecutor$Worker.run(ThreadPoolExecutor.java:642)
at java.base/java.lang.Thread.run(Thread.java:1575)
]]>
    </failure>
  </testcase> <!-- testLogin -->
  <testcase classname="testCases.TC02_Login" name="testLogin" time="4.514"/>
  <testcase classname="testCases.TC02_Login" name="testLogin" time="2.679"/>
</testsuite> <!-- testCases.TC02_Login -->
