<?xml version="1.0" encoding="UTF-8"?>
<!-- Generated by org.testng.reporters.JUnitReportReporter -->
<testsuite hostname="DESKTOP-PUERUUQ" failures="0" tests="3" name="testCases.TC05_CompletePurchase" time="294.363" errors="0" timestamp="2025-06-23T13:23:48 CDT" skipped="0">
  <testcase classname="testCases.TC05_CompletePurchase" name="testCompletePurchase" time="92.647"/>
  <testcase classname="testCases.TC05_CompletePurchase" name="testCompletePurchase" time="88.882"/>
  <testcase classname="testCases.TC05_CompletePurchase" name="testCompletePurchase" time="112.834"/>
</testsuite> <!-- testCases.TC05_CompletePurchase -->
