<?xml version="1.0" encoding="UTF-8"?>
<!-- Generated by org.testng.reporters.JUnitReportReporter -->
<testsuite hostname="DESKTOP-PUERUUQ" failures="0" tests="2" name="testCases.TC06_PurchaseGiftCertificate" time="117.538" errors="0" timestamp="2025-02-27T13:16:00 CST" skipped="0">
  <testcase classname="testCases.TC06_PurchaseGiftCertificate" name="testPurchaseGiftCertificate" time="60.599"/>
  <testcase classname="testCases.TC06_PurchaseGiftCertificate" name="testPurchaseGiftCertificate" time="56.939"/>
</testsuite> <!-- testCases.TC06_PurchaseGiftCertificate -->
