<?xml version="1.0" encoding="UTF-8"?>
<!-- Generated by org.testng.reporters.JUnitReportReporter -->
<testsuite hostname="DESKTOP-PUERUUQ" failures="0" tests="5" name="testCases.TC05_CompletePurchase" time="475.747" errors="0" timestamp="2025-02-27T13:16:00 CST" skipped="3">
  <testcase classname="testCases.TC05_CompletePurchase" name="testCompletePurchase" time="34.695">
    <skipped/>
  </testcase> <!-- testCompletePurchase -->
  <testcase classname="testCases.TC05_CompletePurchase" name="testCompletePurchase" time="103.871"/>
  <testcase classname="testCases.TC05_CompletePurchase" name="testCompletePurchase" time="122.147">
    <skipped/>
  </testcase> <!-- testCompletePurchase -->
  <testcase classname="testCases.TC05_CompletePurchase" name="testCompletePurchase" time="73.691">
    <skipped/>
  </testcase> <!-- testCompletePurchase -->
  <testcase classname="testCases.TC05_CompletePurchase" name="testCompletePurchase" time="141.343"/>
</testsuite> <!-- testCases.TC05_CompletePurchase -->
