<?xml version="1.0" encoding="UTF-8"?>
<!-- Generated by org.testng.reporters.JUnitReportReporter -->
<testsuite hostname="DESKTOP-PUERUUQ" failures="0" tests="3" name="testCases.TC03_AddToCart" time="221.995" errors="0" timestamp="2025-02-27T13:16:00 CST" skipped="1">
  <testcase classname="testCases.TC03_AddToCart" name="testAddToCart" time="143.294">
    <skipped/>
  </testcase> <!-- testAddToCart -->
  <testcase classname="testCases.TC03_AddToCart" name="testAddToCart" time="61.651"/>
  <testcase classname="testCases.TC03_AddToCart" name="testAddToCart" time="17.050"/>
</testsuite> <!-- testCases.TC03_AddToCart -->
