<?xml version="1.0" encoding="UTF-8"?>
<!-- Generated by org.testng.reporters.JUnitReportReporter -->
<testsuite hostname="DESKTOP-PUERUUQ" failures="0" tests="3" name="testCases.TC01_LaunchApplication" time="0.077" errors="0" timestamp="2025-06-23T13:23:48 CDT" skipped="0">
  <testcase classname="testCases.TC01_LaunchApplication" name="testLaunchApplication" time="0.028"/>
  <testcase classname="testCases.TC01_LaunchApplication" name="testLaunchApplication" time="0.021"/>
  <testcase classname="testCases.TC01_LaunchApplication" name="testLaunchApplication" time="0.028"/>
</testsuite> <!-- testCases.TC01_LaunchApplication -->
